<?xml version="1.0" encoding="UTF-8"?>
<!-- Generated by org.testng.reporters.JUnitReportReporter -->
<testsuite hostname="LTIN486509" failures="0" tests="4" name="com.urbanladder.runner.UrbanTestRunner" time="58.788" errors="0" timestamp="12 Apr 2024 03:49:20 GMT" skipped="0">
  <testcase classname="com.urbanladder.runner.UrbanTestRunner" name="runScenario" time="20.048"/>
  <testcase classname="com.urbanladder.runner.UrbanTestRunner" name="runScenario" time="8.367"/>
  <testcase classname="com.urbanladder.runner.UrbanTestRunner" name="runScenario" time="15.679"/>
  <testcase classname="com.urbanladder.runner.UrbanTestRunner" name="runScenario" time="14.694"/>
</testsuite> <!-- com.urbanladder.runner.UrbanTestRunner -->
